TN:
SF:launch.js
FN:14,getPathModule
FN:18,parseMajor
FN:23,isCompatibleNode
FN:39,addCandidate
FN:51,getPathCandidates
FN:70,expandVersionedNodePaths
FN:88,getWellKnownCandidates
FN:129,findCompatibleNode
FN:138,compatible
FN:160,main
FNF:10
FNH:10
FNDA:3,getPathModule
FNDA:9,parseMajor
FNDA:6,isCompatibleNode
FNDA:8,addCandidate
FNDA:1,getPathCandidates
FNDA:4,expandVersionedNodePaths
FNDA:2,getWellKnownCandidates
FNDA:1,findCompatibleNode
FNDA:6,compatible
FNDA:8,main
DA:1,9
DA:2,9
DA:3,9
DA:4,9
DA:5,9
DA:6,9
DA:7,9
DA:8,9
DA:9,9
DA:10,9
DA:11,9
DA:12,9
DA:13,9
DA:14,3
DA:15,3
DA:16,3
DA:17,9
DA:18,9
DA:19,9
DA:20,9
DA:21,9
DA:22,9
DA:23,6
DA:24,6
DA:25,5
DA:26,5
DA:27,1
DA:28,1
DA:29,1
DA:30,1
DA:31,1
DA:32,1
DA:33,1
DA:34,6
DA:35,0
DA:36,0
DA:37,6
DA:38,9
DA:39,8
DA:40,8
DA:41,2
DA:42,2
DA:43,6
DA:44,6
DA:45,6
DA:46,6
DA:47,6
DA:48,6
DA:49,8
DA:50,9
DA:51,1
DA:52,1
DA:53,1
DA:54,1
DA:55,1
DA:56,1
DA:57,1
DA:58,1
DA:59,1
DA:60,1
DA:61,0
DA:62,0
DA:63,0
DA:64,0
DA:65,1
DA:66,1
DA:67,1
DA:68,1
DA:69,9
DA:70,4
DA:71,4
DA:72,0
DA:73,0
DA:74,4
DA:75,4
DA:76,4
DA:77,4
DA:78,2
DA:79,4
DA:80,4
DA:81,2
DA:82,4
DA:83,4
DA:84,0
DA:85,0
DA:86,4
DA:87,9
DA:88,2
DA:89,2
DA:90,2
DA:91,2
DA:92,2
DA:93,2
DA:94,2
DA:95,2
DA:96,2
DA:97,1
DA:98,1
DA:99,1
DA:100,1
DA:101,1
DA:102,1
DA:103,1
DA:104,1
DA:105,1
DA:106,1
DA:107,1
DA:108,1
DA:109,1
DA:110,1
DA:111,1
DA:112,1
DA:113,1
DA:114,1
DA:115,1
DA:116,1
DA:117,1
DA:118,1
DA:119,1
DA:120,1
DA:121,1
DA:122,1
DA:123,1
DA:124,1
DA:125,1
DA:126,1
DA:127,2
DA:128,9
DA:129,1
DA:130,1
DA:131,1
DA:132,1
DA:133,1
DA:134,1
DA:135,1
DA:136,1
DA:137,1
DA:138,1
DA:139,6
DA:140,6
DA:141,1
DA:142,1
DA:143,1
DA:144,1
DA:145,0
DA:146,1
DA:147,1
DA:148,6
DA:149,1
DA:150,1
DA:151,1
DA:152,6
DA:153,1
DA:154,1
DA:155,6
DA:156,0
DA:157,0
DA:158,1
DA:159,9
DA:160,8
DA:161,8
DA:162,8
DA:163,8
DA:164,8
DA:165,0
DA:166,0
DA:167,0
DA:168,0
DA:169,8
DA:170,8
DA:171,8
DA:172,8
DA:173,8
DA:174,8
DA:175,8
DA:176,8
DA:177,8
DA:178,0
DA:179,0
DA:180,0
DA:181,8
DA:182,8
DA:183,8
DA:184,8
DA:185,8
DA:186,0
DA:187,0
DA:188,8
DA:189,8
DA:190,9
DA:191,9
DA:192,8
DA:193,8
DA:194,9
DA:195,9
DA:196,9
DA:197,9
DA:198,9
DA:199,9
DA:200,9
LF:200
LH:178
BRDA:1,0,0,9
BRDA:191,1,0,8
BRDA:14,2,0,3
BRDA:15,3,0,1
BRDA:15,4,0,2
BRDA:18,5,0,9
BRDA:19,6,0,0
BRDA:20,7,0,0
BRDA:23,8,0,6
BRDA:24,9,0,5
BRDA:27,10,0,1
BRDA:34,11,0,0
BRDA:39,12,0,8
BRDA:40,13,0,2
BRDA:43,14,0,6
BRDA:51,15,0,1
BRDA:55,16,0,0
BRDA:57,17,0,1
BRDA:61,18,0,0
BRDA:70,19,0,4
BRDA:71,20,0,0
BRDA:83,21,0,0
BRDA:77,22,0,2
BRDA:80,23,0,2
BRDA:88,24,0,2
BRDA:89,25,0,0
BRDA:90,26,0,0
BRDA:91,27,0,0
BRDA:92,28,0,0
BRDA:96,29,0,1
BRDA:99,30,0,0
BRDA:100,31,0,0
BRDA:101,32,0,0
BRDA:102,33,0,0
BRDA:103,34,0,0
BRDA:129,35,0,1
BRDA:130,36,0,0
BRDA:131,37,0,0
BRDA:132,38,0,0
BRDA:133,39,0,0
BRDA:134,40,0,0
BRDA:147,41,0,0
BRDA:151,42,0,6
BRDA:152,43,0,1
BRDA:156,44,0,0
BRDA:138,45,0,6
BRDA:147,46,0,6
BRDA:160,47,0,8
BRDA:162,48,0,0
BRDA:164,49,0,0
BRDA:176,50,0,8
BRDA:177,51,0,0
BRF:52
BRH:26
end_of_record
TN:
SF:server.js
FN:14,main
FNF:1
FNH:1
FNDA:8,main
DA:1,8
DA:2,8
DA:3,8
DA:4,8
DA:5,8
DA:6,8
DA:7,8
DA:8,8
DA:9,8
DA:10,8
DA:11,8
DA:12,8
DA:13,8
DA:14,8
DA:15,8
DA:16,8
DA:17,8
DA:18,8
DA:19,8
DA:20,8
DA:21,8
DA:22,8
DA:23,8
DA:24,8
DA:25,8
DA:26,8
DA:27,8
DA:28,8
DA:29,8
DA:30,8
DA:31,8
DA:32,8
DA:33,8
DA:34,8
DA:35,8
DA:36,8
DA:37,8
DA:38,8
DA:39,8
DA:40,8
DA:41,8
DA:42,8
DA:43,8
DA:44,0
DA:45,0
DA:46,8
LF:46
LH:44
BRDA:1,0,0,8
BRDA:14,1,0,8
BRF:2
BRH:2
end_of_record
TN:
SF:scripts/check-package-contents.js
FN:11,resolveNpmCli
FN:35,getWindowsShell
FN:47,getPackCommand
FN:72,validate
FN:98,main
FNF:5
FNH:3
FNDA:4,resolveNpmCli
FNDA:2,getWindowsShell
FNDA:4,getPackCommand
FNDA:0,validate
FNDA:0,main
DA:1,1
DA:2,1
DA:3,1
DA:4,1
DA:5,1
DA:6,1
DA:7,1
DA:8,1
DA:9,1
DA:10,1
DA:11,4
DA:12,4
DA:13,4
DA:14,4
DA:15,4
DA:16,4
DA:17,4
DA:18,2
DA:19,2
DA:20,2
DA:21,4
DA:22,2
DA:23,2
DA:24,4
DA:25,4
DA:26,4
DA:27,6
DA:28,2
DA:29,2
DA:30,6
DA:31,2
DA:32,2
DA:33,4
DA:34,1
DA:35,2
DA:36,2
DA:37,1
DA:38,1
DA:39,1
DA:40,2
DA:41,1
DA:42,1
DA:43,0
DA:44,0
DA:45,2
DA:46,1
DA:47,4
DA:48,4
DA:49,4
DA:50,4
DA:51,4
DA:52,4
DA:53,2
DA:54,2
DA:55,2
DA:56,2
DA:57,2
DA:58,2
DA:59,4
DA:60,1
DA:61,1
DA:62,1
DA:63,1
DA:64,1
DA:65,1
DA:66,1
DA:67,1
DA:68,1
DA:69,1
DA:70,4
DA:71,1
DA:72,0
DA:73,0
DA:74,0
DA:75,0
DA:76,0
DA:77,0
DA:78,0
DA:79,0
DA:80,0
DA:81,0
DA:82,0
DA:83,0
DA:84,0
DA:85,0
DA:86,0
DA:87,0
DA:88,0
DA:89,0
DA:90,0
DA:91,0
DA:92,0
DA:93,0
DA:94,0
DA:95,0
DA:96,0
DA:97,1
DA:98,0
DA:99,0
DA:100,0
DA:101,0
DA:102,0
DA:103,0
DA:104,0
DA:105,0
DA:106,0
DA:107,0
DA:108,0
DA:109,0
DA:110,1
DA:111,1
DA:112,0
DA:113,0
DA:114,1
DA:115,1
DA:116,1
DA:117,1
DA:118,1
DA:119,1
DA:120,1
DA:121,1
LF:121
LH:80
BRDA:1,0,0,1
BRDA:111,1,0,0
BRDA:11,2,0,4
BRDA:12,3,0,0
BRDA:13,4,0,0
BRDA:14,5,0,2
BRDA:14,6,0,2
BRDA:17,7,0,2
BRDA:21,8,0,2
BRDA:26,9,0,6
BRDA:27,10,0,2
BRDA:31,11,0,2
BRDA:35,12,0,2
BRDA:36,13,0,1
BRDA:40,14,0,1
BRDA:43,15,0,0
BRDA:47,16,0,4
BRDA:48,17,0,0
BRDA:49,18,0,1
BRDA:52,19,0,2
BRDA:59,20,0,1
BRF:21
BRH:16
end_of_record
TN:
SF:src/adapters/platform.js
FN:4,createPlatformAdapter
FN:8,getScreenCaptureAvailability
FN:26,getDesktopCapabilities
FNF:3
FNH:3
FNDA:10,createPlatformAdapter
FNDA:31,getScreenCaptureAvailability
FNDA:30,getDesktopCapabilities
DA:1,9
DA:2,9
DA:3,9
DA:4,10
DA:5,10
DA:6,10
DA:7,10
DA:8,10
DA:9,31
DA:10,1
DA:11,1
DA:12,30
DA:13,31
DA:14,25
DA:15,25
DA:16,5
DA:17,5
DA:18,5
DA:19,5
DA:20,5
DA:21,5
DA:22,31
DA:23,10
DA:24,10
DA:25,10
DA:26,10
DA:27,30
DA:28,30
DA:29,30
DA:30,30
DA:31,29
DA:32,29
DA:33,30
DA:34,30
DA:35,30
DA:36,30
DA:37,30
DA:38,30
DA:39,30
DA:40,30
DA:41,30
DA:42,30
DA:43,30
DA:44,30
DA:45,30
DA:46,30
DA:47,30
DA:48,30
DA:49,30
DA:50,30
DA:51,10
DA:52,10
DA:53,10
DA:54,9
DA:55,9
DA:56,9
DA:57,9
LF:57
LH:57
BRDA:1,0,0,9
BRDA:4,1,0,10
BRDA:5,2,0,0
BRDA:6,3,0,0
BRDA:8,4,0,31
BRDA:9,5,0,30
BRDA:9,6,0,1
BRDA:13,7,0,5
BRDA:13,8,0,25
BRDA:16,9,0,5
BRDA:26,10,0,30
BRDA:30,11,0,29
BRDA:31,12,0,0
BRDA:31,13,0,25
BRDA:31,14,0,4
BRF:15
BRH:12
end_of_record
TN:
SF:src/adapters/robotjsAdapter.js
FN:3,createRobotjsAdapter
FN:7,getScreenSize
FN:10,getMousePosition
FN:13,moveMouse
FN:16,dragMouse
FN:19,scrollMouse
FN:22,mouseClick
FN:30,typeString
FN:33,pressKey
FN:41,toggleKey
FNF:10
FNH:10
FNDA:9,createRobotjsAdapter
FNDA:2,getScreenSize
FNDA:1,getMousePosition
FNDA:1,moveMouse
FNDA:1,dragMouse
FNDA:1,scrollMouse
FNDA:1,mouseClick
FNDA:1,typeString
FNDA:1,pressKey
FNDA:1,toggleKey
DA:1,9
DA:2,9
DA:3,9
DA:4,9
DA:5,9
DA:6,9
DA:7,9
DA:8,2
DA:9,9
DA:10,9
DA:11,1
DA:12,9
DA:13,9
DA:14,1
DA:15,9
DA:16,9
DA:17,1
DA:18,9
DA:19,9
DA:20,1
DA:21,9
DA:22,9
DA:23,1
DA:24,1
DA:25,1
DA:26,1
DA:27,0
DA:28,0
DA:29,9
DA:30,9
DA:31,1
DA:32,9
DA:33,9
DA:34,1
DA:35,0
DA:36,0
DA:37,0
DA:38,1
DA:39,1
DA:40,9
DA:41,9
DA:42,1
DA:43,0
DA:44,0
DA:45,0
DA:46,1
DA:47,1
DA:48,9
DA:49,9
DA:50,9
DA:51,9
DA:52,9
DA:53,9
DA:54,9
LF:54
LH:46
BRDA:1,0,0,9
BRDA:3,1,0,9
BRDA:4,2,0,8
BRDA:7,3,0,2
BRDA:10,4,0,1
BRDA:13,5,0,1
BRDA:16,6,0,1
BRDA:19,7,0,1
BRDA:22,8,0,1
BRDA:27,9,0,0
BRDA:30,10,0,1
BRDA:33,11,0,1
BRDA:34,12,0,0
BRDA:41,13,0,1
BRDA:42,14,0,0
BRF:15
BRH:12
end_of_record
TN:
SF:src/adapters/screenshotAdapter.js
FN:3,createScreenshotAdapter
FN:7,capture
FNF:2
FNH:2
FNDA:9,createScreenshotAdapter
FNDA:1,capture
DA:1,9
DA:2,9
DA:3,9
DA:4,9
DA:5,9
DA:6,9
DA:7,9
DA:8,1
DA:9,1
DA:10,1
DA:11,1
DA:12,1
DA:13,1
DA:14,1
DA:15,1
DA:16,1
DA:17,1
DA:18,1
DA:19,9
DA:20,9
DA:21,9
DA:22,9
DA:23,9
DA:24,9
DA:25,9
LF:25
LH:25
BRDA:1,0,0,9
BRDA:3,1,0,9
BRDA:4,2,0,8
BRDA:7,3,0,1
BRF:4
BRH:4
end_of_record
TN:
SF:src/config/index.js
FN:1,parsePositiveInteger
FN:11,parseBoolean
FN:28,parseList
FN:39,parseSafeArea
FN:60,createConfig
FNF:5
FNH:5
FNDA:63,parsePositiveInteger
FNDA:36,parseBoolean
FNDA:18,parseList
FNDA:9,parseSafeArea
FNDA:9,createConfig
DA:1,63
DA:2,63
DA:3,63
DA:4,63
DA:5,58
DA:6,58
DA:7,5
DA:8,5
DA:9,63
DA:10,9
DA:11,36
DA:12,36
DA:13,32
DA:14,32
DA:15,4
DA:16,4
DA:17,4
DA:18,3
DA:19,3
DA:20,1
DA:21,1
DA:22,1
DA:23,1
DA:24,0
DA:25,0
DA:26,36
DA:27,9
DA:28,18
DA:29,18
DA:30,16
DA:31,16
DA:32,2
DA:33,2
DA:34,2
DA:35,2
DA:36,2
DA:37,18
DA:38,9
DA:39,9
DA:40,9
DA:41,8
DA:42,8
DA:43,1
DA:44,1
DA:45,1
DA:46,1
DA:47,1
DA:48,9
DA:49,0
DA:50,0
DA:51,1
DA:52,1
DA:53,1
DA:54,1
DA:55,1
DA:56,1
DA:57,1
DA:58,9
DA:59,9
DA:60,9
DA:61,9
DA:62,9
DA:63,9
DA:64,9
DA:65,9
DA:66,9
DA:67,9
DA:68,9
DA:69,9
DA:70,9
DA:71,9
DA:72,9
DA:73,9
DA:74,9
DA:75,9
DA:76,9
DA:77,9
DA:78,9
DA:79,9
DA:80,9
DA:81,9
DA:82,9
DA:83,9
DA:84,9
DA:85,9
DA:86,9
DA:87,9
DA:88,9
DA:89,9
DA:90,9
DA:91,9
DA:92,9
DA:93,9
DA:94,9
DA:95,9
DA:96,9
LF:96
LH:92
BRDA:1,0,0,9
BRDA:1,1,0,63
BRDA:4,2,0,5
BRDA:4,3,0,58
BRDA:7,4,0,5
BRDA:11,5,0,36
BRDA:12,6,0,32
BRDA:15,7,0,4
BRDA:17,8,0,3
BRDA:20,9,0,1
BRDA:24,10,0,0
BRDA:28,11,0,18
BRDA:29,12,0,16
BRDA:32,13,0,2
BRDA:35,14,0,3
BRDA:39,15,0,9
BRDA:40,16,0,8
BRDA:43,17,0,1
BRDA:48,18,0,1
BRDA:48,19,0,0
BRDA:46,20,0,4
BRDA:48,21,0,4
BRDA:60,22,0,9
BRF:23
BRH:21
end_of_record
TN:
SF:src/domain/errors.js
FN:12,AutomationError
FN:20,toAutomationError
FNF:2
FNH:2
FNDA:19,AutomationError
FNDA:11,toAutomationError
DA:1,12
DA:2,12
DA:3,12
DA:4,12
DA:5,12
DA:6,12
DA:7,12
DA:8,12
DA:9,12
DA:10,12
DA:11,12
DA:12,12
DA:13,19
DA:14,19
DA:15,19
DA:16,19
DA:17,19
DA:18,12
DA:19,12
DA:20,11
DA:21,11
DA:22,5
DA:23,5
DA:24,6
DA:25,11
DA:26,11
DA:27,12
DA:28,12
DA:29,12
DA:30,12
DA:31,12
DA:32,12
LF:32
LH:32
BRDA:1,0,0,12
BRDA:12,1,0,19
BRDA:20,2,0,11
BRDA:21,3,0,5
BRDA:24,4,0,6
BRDA:25,5,0,6
BRDA:25,6,0,0
BRF:7
BRH:6
end_of_record
TN:
SF:src/domain/keyboard.js
FN:52,getPrimaryModifier
FN:56,normalizeKey
FN:71,normalizeModifiers
FN:93,getKeyboardCompatibility
FNF:4
FNH:4
FNDA:71,getPrimaryModifier
FNDA:11,normalizeKey
FNDA:8,normalizeModifiers
FNDA:31,getKeyboardCompatibility
DA:1,11
DA:2,11
DA:3,11
DA:4,11
DA:5,11
DA:6,11
DA:7,11
DA:8,11
DA:9,11
DA:10,11
DA:11,11
DA:12,11
DA:13,11
DA:14,11
DA:15,11
DA:16,11
DA:17,11
DA:18,11
DA:19,11
DA:20,11
DA:21,11
DA:22,11
DA:23,11
DA:24,11
DA:25,11
DA:26,11
DA:27,11
DA:28,11
DA:29,11
DA:30,11
DA:31,11
DA:32,11
DA:33,11
DA:34,11
DA:35,11
DA:36,11
DA:37,11
DA:38,11
DA:39,11
DA:40,11
DA:41,11
DA:42,11
DA:43,11
DA:44,11
DA:45,11
DA:46,11
DA:47,11
DA:48,11
DA:49,11
DA:50,11
DA:51,11
DA:52,71
DA:53,71
DA:54,71
DA:55,11
DA:56,11
DA:57,11
DA:58,11
DA:59,11
DA:60,11
DA:61,11
DA:62,11
DA:63,10
DA:64,10
DA:65,1
DA:66,1
DA:67,1
DA:68,1
DA:69,11
DA:70,11
DA:71,8
DA:72,8
DA:73,8
DA:74,8
DA:75,8
DA:76,11
DA:77,11
DA:78,11
DA:79,1
DA:80,1
DA:81,1
DA:82,1
DA:83,10
DA:84,11
DA:85,8
DA:86,8
DA:87,8
DA:88,10
DA:89,10
DA:90,8
DA:91,8
DA:92,11
DA:93,31
DA:94,31
DA:95,31
DA:96,31
DA:97,31
DA:98,31
DA:99,31
DA:100,11
DA:101,11
DA:102,11
DA:103,11
DA:104,11
DA:105,11
LF:105
LH:105
BRDA:1,0,0,11
BRDA:52,1,0,71
BRDA:53,2,0,8
BRDA:53,3,0,63
BRDA:56,4,0,11
BRDA:57,5,0,0
BRDA:59,6,0,1
BRDA:59,7,0,0
BRDA:60,8,0,10
BRDA:60,9,0,6
BRDA:60,10,0,2
BRDA:62,11,0,10
BRDA:62,12,0,10
BRDA:62,13,0,10
BRDA:65,14,0,1
BRDA:71,15,0,8
BRDA:75,16,0,0
BRDA:75,17,0,11
BRDA:75,18,0,0
BRDA:75,19,0,11
BRDA:76,20,0,4
BRDA:76,21,0,7
BRDA:78,22,0,1
BRDA:83,23,0,10
BRDA:84,24,0,8
BRDA:88,25,0,10
BRDA:93,26,0,31
BRF:27
BRH:23
end_of_record
TN:
SF:src/domain/policy.js
FN:3,assertToolAllowed
FN:40,assertCoordinatesInBounds
FN:60,assertPointInSafeArea
FNF:3
FNH:3
FNDA:37,assertToolAllowed
FNDA:9,assertCoordinatesInBounds
FNDA:14,assertPointInSafeArea
DA:1,10
DA:2,10
DA:3,37
DA:4,37
DA:5,37
DA:6,37
DA:7,37
DA:8,1
DA:9,1
DA:10,1
DA:11,1
DA:12,1
DA:13,1
DA:14,36
DA:15,37
DA:16,0
DA:17,0
DA:18,0
DA:19,0
DA:20,0
DA:21,0
DA:22,36
DA:23,37
DA:24,2
DA:25,2
DA:26,2
DA:27,2
DA:28,2
DA:29,2
DA:30,34
DA:31,37
DA:32,1
DA:33,1
DA:34,1
DA:35,1
DA:36,1
DA:37,1
DA:38,37
DA:39,10
DA:40,9
DA:41,9
DA:42,0
DA:43,0
DA:44,9
DA:45,9
DA:46,9
DA:47,9
DA:48,9
DA:49,9
DA:50,9
DA:51,7
DA:52,9
DA:53,2
DA:54,2
DA:55,2
DA:56,2
DA:57,2
DA:58,9
DA:59,10
DA:60,14
DA:61,14
DA:62,2
DA:63,2
DA:64,12
DA:65,14
DA:66,14
DA:67,14
DA:68,14
DA:69,3
DA:70,3
DA:71,3
DA:72,3
DA:73,3
DA:74,3
DA:75,14
DA:76,10
DA:77,10
DA:78,10
DA:79,10
DA:80,10
DA:81,10
LF:81
LH:73
BRDA:1,0,0,10
BRDA:3,1,0,37
BRDA:4,2,0,32
BRDA:5,3,0,33
BRDA:7,4,0,1
BRDA:7,5,0,36
BRDA:7,6,0,1
BRDA:15,7,0,0
BRDA:22,8,0,36
BRDA:23,9,0,22
BRDA:23,10,0,2
BRDA:30,11,0,35
BRDA:30,12,0,34
BRDA:31,13,0,20
BRDA:31,14,0,1
BRDA:40,15,0,9
BRDA:41,16,0,0
BRDA:48,17,0,8
BRDA:49,18,0,8
BRDA:50,19,0,7
BRDA:52,20,0,2
BRDA:60,21,0,14
BRDA:61,22,0,2
BRDA:64,23,0,12
BRDA:66,24,0,12
BRDA:68,25,0,9
BRDA:68,26,0,3
BRF:27
BRH:25
end_of_record
TN:
SF:src/domain/screenshots.js
FN:6,toMetadata
FN:20,createScreenshotStore
FN:28,remove
FN:38,purgeExpired
FN:47,enforceLimits
FN:59,save
FN:102,get
FN:106,recent
FN:115,list
FN:119,stats
FNF:10
FNH:10
FNDA:3,toMetadata
FNDA:12,createScreenshotStore
FNDA:2,remove
FNDA:19,purgeExpired
FNDA:6,enforceLimits
FNDA:7,save
FNDA:4,get
FNDA:2,recent
FNDA:3,list
FNDA:3,stats
DA:1,9
DA:2,9
DA:3,9
DA:4,9
DA:5,9
DA:6,3
DA:7,3
DA:8,3
DA:9,3
DA:10,3
DA:11,3
DA:12,3
DA:13,3
DA:14,3
DA:15,3
DA:16,3
DA:17,3
DA:18,3
DA:19,9
DA:20,12
DA:21,12
DA:22,12
DA:23,12
DA:24,12
DA:25,12
DA:26,12
DA:27,12
DA:28,12
DA:29,2
DA:30,2
DA:31,0
DA:32,0
DA:33,2
DA:34,2
DA:35,2
DA:36,2
DA:37,12
DA:38,12
DA:39,19
DA:40,19
DA:41,15
DA:42,1
DA:43,1
DA:44,15
DA:45,19
DA:46,12
DA:47,12
DA:48,6
DA:49,1
DA:50,1
DA:51,0
DA:52,0
DA:53,1
DA:54,1
DA:55,1
DA:56,6
DA:57,12
DA:58,12
DA:59,12
DA:60,7
DA:61,7
DA:62,7
DA:63,7
DA:64,7
DA:65,7
DA:66,1
DA:67,1
DA:68,1
DA:69,1
DA:70,1
DA:71,1
DA:72,6
DA:73,6
DA:74,6
DA:75,6
DA:76,7
DA:77,7
DA:78,7
DA:79,7
DA:80,7
DA:81,7
DA:82,7
DA:83,7
DA:84,7
DA:85,7
DA:86,7
DA:87,7
DA:88,7
DA:89,7
DA:90,7
DA:91,7
DA:92,7
DA:93,0
DA:94,0
DA:95,0
DA:96,0
DA:97,0
DA:98,0
DA:99,6
DA:100,6
DA:101,12
DA:102,12
DA:103,4
DA:104,4
DA:105,12
DA:106,12
DA:107,2
DA:108,2
DA:109,2
DA:110,1
DA:111,1
DA:112,1
DA:113,1
DA:114,12
DA:115,12
DA:116,3
DA:117,3
DA:118,12
DA:119,12
DA:120,3
DA:121,3
DA:122,3
DA:123,3
DA:124,3
DA:125,3
DA:126,3
DA:127,3
DA:128,12
DA:129,12
DA:130,12
DA:131,9
DA:132,9
DA:133,9
DA:134,9
LF:134
LH:124
BRDA:1,0,0,9
BRDA:6,1,0,3
BRDA:20,2,0,12
BRDA:22,3,0,9
BRDA:23,4,0,0
BRDA:24,5,0,0
BRDA:25,6,0,0
BRDA:28,7,0,2
BRDA:30,8,0,0
BRDA:38,9,0,19
BRDA:40,10,0,15
BRDA:41,11,0,1
BRDA:47,12,0,6
BRDA:48,13,0,1
BRDA:50,14,0,0
BRDA:59,15,0,7
BRDA:65,16,0,1
BRDA:72,17,0,6
BRDA:76,18,0,0
BRDA:81,19,0,3
BRDA:82,20,0,3
BRDA:83,21,0,5
BRDA:84,22,0,4
BRDA:92,23,0,0
BRDA:99,24,0,6
BRDA:102,25,0,4
BRDA:104,26,0,3
BRDA:106,27,0,2
BRDA:109,28,0,1
BRDA:115,29,0,3
BRDA:119,30,0,3
BRF:31
BRH:24
end_of_record
TN:
SF:src/logging/index.js
FN:1,sanitizeValue
FN:37,createLogger
FN:40,write
FN:52,info
FN:55,warn
FN:58,error
FNF:6
FNH:5
FNDA:388,sanitizeValue
FNDA:9,createLogger
FNDA:18,write
FNDA:17,info
FNDA:0,warn
FNDA:1,error
DA:1,388
DA:2,388
DA:3,1
DA:4,1
DA:5,1
DA:6,1
DA:7,1
DA:8,1
DA:9,1
DA:10,387
DA:11,388
DA:12,0
DA:13,0
DA:14,387
DA:15,388
DA:16,66
DA:17,371
DA:18,371
DA:19,371
DA:20,371
DA:21,2
DA:22,2
DA:23,2
DA:24,369
DA:25,369
DA:26,369
DA:27,66
DA:28,66
DA:29,321
DA:30,388
DA:31,0
DA:32,0
DA:33,321
DA:34,321
DA:35,388
DA:36,9
DA:37,9
DA:38,9
DA:39,9
DA:40,9
DA:41,18
DA:42,18
DA:43,18
DA:44,18
DA:45,18
DA:46,18
DA:47,18
DA:48,18
DA:49,18
DA:50,9
DA:51,9
DA:52,9
DA:53,17
DA:54,9
DA:55,9
DA:56,0
DA:57,9
DA:58,9
DA:59,1
DA:60,9
DA:61,9
DA:62,9
DA:63,9
DA:64,9
DA:65,9
DA:66,9
LF:66
LH:61
BRDA:1,0,0,9
BRDA:1,1,0,388
BRDA:2,2,0,1
BRDA:10,3,0,387
BRDA:11,4,0,0
BRDA:14,5,0,387
BRDA:15,6,0,345
BRDA:15,7,0,66
BRDA:29,8,0,385
BRDA:29,9,0,321
BRDA:30,10,0,216
BRDA:30,11,0,385
BRDA:30,12,0,0
BRDA:33,13,0,321
BRDA:16,14,0,371
BRDA:20,15,0,370
BRDA:20,16,0,2
BRDA:24,17,0,369
BRDA:37,18,0,9
BRDA:38,19,0,8
BRDA:40,20,0,18
BRDA:52,21,0,17
BRDA:58,22,0,1
BRF:23
BRH:21
end_of_record
TN:
SF:src/server/createServer.js
FN:9,createServer
FN:26,notifyResourcesChanged
FNF:2
FNH:1
FNDA:8,createServer
FNDA:0,notifyResourcesChanged
DA:1,8
DA:2,8
DA:3,8
DA:4,8
DA:5,8
DA:6,8
DA:7,8
DA:8,8
DA:9,8
DA:10,8
DA:11,8
DA:12,8
DA:13,8
DA:14,8
DA:15,8
DA:16,8
DA:17,8
DA:18,8
DA:19,8
DA:20,8
DA:21,8
DA:22,8
DA:23,8
DA:24,8
DA:25,8
DA:26,8
DA:27,0
DA:28,8
DA:29,8
DA:30,8
DA:31,8
DA:32,8
DA:33,8
DA:34,8
DA:35,8
DA:36,8
DA:37,8
DA:38,8
DA:39,8
DA:40,8
DA:41,8
DA:42,8
DA:43,8
DA:44,8
DA:45,8
DA:46,8
DA:47,8
DA:48,8
DA:49,8
DA:50,8
DA:51,8
DA:52,8
DA:53,8
DA:54,8
DA:55,8
DA:56,8
DA:57,8
DA:58,8
DA:59,8
DA:60,8
DA:61,8
DA:62,8
DA:63,8
DA:64,8
DA:65,8
DA:66,8
DA:67,8
DA:68,8
DA:69,8
DA:70,8
DA:71,8
DA:72,8
DA:73,8
DA:74,8
DA:75,8
DA:76,8
DA:77,8
DA:78,8
DA:79,8
DA:80,8
DA:81,8
DA:82,8
DA:83,8
DA:84,8
DA:85,8
DA:86,8
DA:87,8
DA:88,8
DA:89,8
DA:90,8
DA:91,8
DA:92,8
DA:93,8
DA:94,8
DA:95,8
DA:96,8
DA:97,8
DA:98,8
DA:99,8
DA:100,8
DA:101,8
DA:102,8
DA:103,8
DA:104,8
DA:105,8
DA:106,8
DA:107,8
DA:108,8
DA:109,8
DA:110,8
DA:111,8
DA:112,8
DA:113,8
DA:114,8
DA:115,8
DA:116,8
DA:117,8
DA:118,8
DA:119,8
DA:120,8
DA:121,8
DA:122,8
DA:123,8
DA:124,8
DA:125,8
DA:126,8
DA:127,8
DA:128,8
DA:129,8
DA:130,8
DA:131,8
DA:132,8
DA:133,8
DA:134,8
DA:135,8
DA:136,8
DA:137,8
DA:138,8
DA:139,8
DA:140,8
DA:141,8
DA:142,8
DA:143,8
DA:144,8
DA:145,8
DA:146,8
DA:147,8
DA:148,8
DA:149,8
DA:150,8
DA:151,8
DA:152,8
DA:153,8
DA:154,8
DA:155,8
DA:156,8
DA:157,8
DA:158,8
DA:159,8
DA:160,8
DA:161,8
DA:162,8
DA:163,8
DA:164,8
DA:165,8
DA:166,1
DA:167,1
DA:168,1
DA:169,1
DA:170,1
DA:171,1
DA:172,1
DA:173,1
DA:174,1
DA:175,1
DA:176,1
DA:177,1
DA:178,8
DA:179,8
DA:180,8
DA:181,1
DA:182,1
DA:183,1
DA:184,1
DA:185,1
DA:186,1
DA:187,1
DA:188,8
DA:189,8
DA:190,8
DA:191,1
DA:192,1
DA:193,1
DA:194,1
DA:195,1
DA:196,1
DA:197,1
DA:198,1
DA:199,1
DA:200,1
DA:201,1
DA:202,8
DA:203,8
DA:204,8
DA:205,1
DA:206,1
DA:207,1
DA:208,1
DA:209,1
DA:210,1
DA:211,1
DA:212,8
DA:213,8
DA:214,8
DA:215,8
DA:216,8
DA:217,8
DA:218,1
DA:219,1
DA:220,1
DA:221,1
DA:222,0
DA:223,0
DA:224,0
DA:225,0
DA:226,0
DA:227,0
DA:228,0
DA:229,0
DA:230,0
DA:231,0
DA:232,8
DA:233,8
DA:234,8
DA:235,8
DA:236,8
DA:237,8
DA:238,8
DA:239,8
DA:240,8
DA:241,8
DA:242,8
DA:243,8
DA:244,8
DA:245,2
DA:246,2
DA:247,2
DA:248,2
DA:249,2
DA:250,2
DA:251,2
DA:252,2
DA:253,2
DA:254,2
DA:255,2
DA:256,8
DA:257,8
DA:258,8
DA:259,8
DA:260,8
DA:261,8
DA:262,8
DA:263,8
DA:264,8
DA:265,8
DA:266,8
DA:267,8
DA:268,8
DA:269,8
DA:270,1
DA:271,1
DA:272,1
DA:273,1
DA:274,1
DA:275,1
DA:276,1
DA:277,1
DA:278,1
DA:279,1
DA:280,1
DA:281,8
DA:282,8
DA:283,8
DA:284,8
DA:285,8
DA:286,8
DA:287,8
DA:288,8
DA:289,8
DA:290,8
DA:291,8
DA:292,8
DA:293,8
DA:294,1
DA:295,1
DA:296,1
DA:297,1
DA:298,1
DA:299,1
DA:300,1
DA:301,1
DA:302,1
DA:303,1
DA:304,1
DA:305,8
DA:306,8
DA:307,8
DA:308,8
DA:309,8
DA:310,8
DA:311,8
DA:312,8
DA:313,8
LF:313
LH:302
BRDA:1,0,0,8
BRDA:9,1,0,8
BRDA:10,2,0,0
BRDA:39,3,0,1
BRDA:42,4,0,1
BRDA:46,5,0,1
BRDA:56,6,0,1
BRDA:165,7,0,1
BRDA:180,8,0,1
BRDA:190,9,0,1
BRDA:204,10,0,1
BRDA:217,11,0,1
BRDA:222,12,0,0
BRDA:244,13,0,2
BRDA:251,14,0,1
BRDA:251,15,0,1
BRDA:269,16,0,1
BRDA:293,17,0,1
BRF:18
BRH:16
end_of_record
TN:
SF:src/server/mcpResponses.js
FN:1,textResponse
FN:13,okResponse
FN:17,errorResponse
FN:27,imageResponse
FNF:4
FNH:4
FNDA:35,textResponse
FNDA:20,okResponse
FNDA:15,errorResponse
FNDA:3,imageResponse
DA:1,35
DA:2,35
DA:3,35
DA:4,35
DA:5,35
DA:6,35
DA:7,35
DA:8,35
DA:9,35
DA:10,35
DA:11,35
DA:12,10
DA:13,20
DA:14,20
DA:15,20
DA:16,10
DA:17,15
DA:18,15
DA:19,15
DA:20,15
DA:21,6
DA:22,6
DA:23,15
DA:24,15
DA:25,15
DA:26,10
DA:27,3
DA:28,3
DA:29,3
DA:30,3
DA:31,3
DA:32,3
DA:33,3
DA:34,3
DA:35,3
DA:36,3
DA:37,3
DA:38,3
DA:39,3
DA:40,3
DA:41,3
DA:42,3
DA:43,10
DA:44,10
DA:45,10
DA:46,10
DA:47,10
DA:48,10
LF:48
LH:48
BRDA:1,0,0,10
BRDA:1,1,0,35
BRDA:13,2,0,20
BRDA:14,3,0,7
BRDA:17,4,0,15
BRDA:20,5,0,6
BRDA:27,6,0,3
BRDA:32,7,0,0
BRF:8
BRH:7
end_of_record
TN:
SF:src/tools/keyboard.js
FN:6,createKeyboardTools
FN:15,getNormalizedKeySettings
FN:25,keyboardType
FN:47,keyboardPress
FN:71,keyboardTypeWithKeyPress
FNF:5
FNH:5
FNDA:12,createKeyboardTools
FNDA:3,getNormalizedKeySettings
FNDA:2,keyboardType
FNDA:2,keyboardPress
FNDA:1,keyboardTypeWithKeyPress
DA:1,9
DA:2,9
DA:3,9
DA:4,9
DA:5,9
DA:6,12
DA:7,12
DA:8,12
DA:9,12
DA:10,12
DA:11,12
DA:12,12
DA:13,12
DA:14,12
DA:15,12
DA:16,3
DA:17,3
DA:18,3
DA:19,3
DA:20,3
DA:21,3
DA:22,3
DA:23,12
DA:24,12
DA:25,12
DA:26,2
DA:27,2
DA:28,2
DA:29,2
DA:30,0
DA:31,0
DA:32,1
DA:33,1
DA:34,1
DA:35,2
DA:36,2
DA:37,2
DA:38,2
DA:39,2
DA:40,2
DA:41,2
DA:42,2
DA:43,2
DA:44,2
DA:45,12
DA:46,12
DA:47,12
DA:48,2
DA:49,2
DA:50,2
DA:51,2
DA:52,2
DA:53,2
DA:54,0
DA:55,0
DA:56,2
DA:57,2
DA:58,2
DA:59,2
DA:60,1
DA:61,1
DA:62,1
DA:63,1
DA:64,1
DA:65,1
DA:66,1
DA:67,1
DA:68,1
DA:69,12
DA:70,12
DA:71,12
DA:72,1
DA:73,1
DA:74,1
DA:75,1
DA:76,1
DA:77,1
DA:78,1
DA:79,1
DA:80,0
DA:81,0
DA:82,0
DA:83,0
DA:84,0
DA:85,0
DA:86,0
DA:87,1
DA:88,1
DA:89,1
DA:90,1
DA:91,1
DA:92,1
DA:93,1
DA:94,1
DA:95,0
DA:96,0
DA:97,0
DA:98,0
DA:99,0
DA:100,0
DA:101,0
DA:102,0
DA:103,0
DA:104,0
DA:105,0
DA:106,0
DA:107,0
DA:108,0
DA:109,0
DA:110,0
DA:111,0
DA:112,12
DA:113,12
DA:114,12
DA:115,9
DA:116,9
DA:117,9
DA:118,9
LF:118
LH:90
BRDA:1,0,0,9
BRDA:6,1,0,12
BRDA:7,2,0,0
BRDA:8,3,0,0
BRDA:11,4,0,10
BRDA:12,5,0,10
BRDA:13,6,0,2
BRDA:15,7,0,3
BRDA:16,8,0,0
BRDA:25,9,0,2
BRDA:29,10,0,0
BRDA:32,11,0,1
BRDA:47,12,0,2
BRDA:53,13,0,0
BRDA:59,14,0,1
BRDA:71,15,0,1
BRDA:79,16,0,0
BRDA:94,17,0,0
BRF:18
BRH:11
end_of_record
TN:
SF:src/tools/mouse.js
FN:6,createMouseTools
FN:15,getCurrentMousePosition
FN:19,getNormalizedKeySettings
FN:29,getMousePosition
FN:45,mouseMove
FN:71,mouseDrag
FN:97,mouseDragWithKeyPress
FN:143,mouseScroll
FN:171,mouseClick
FNF:9
FNH:9
FNDA:14,createMouseTools
FNDA:4,getCurrentMousePosition
FNDA:2,getNormalizedKeySettings
FNDA:1,getMousePosition
FNDA:5,mouseMove
FNDA:2,mouseDrag
FNDA:2,mouseDragWithKeyPress
FNDA:3,mouseScroll
FNDA:4,mouseClick
DA:1,9
DA:2,9
DA:3,9
DA:4,9
DA:5,9
DA:6,14
DA:7,14
DA:8,14
DA:9,14
DA:10,14
DA:11,14
DA:12,14
DA:13,14
DA:14,14
DA:15,14
DA:16,4
DA:17,4
DA:18,14
DA:19,14
DA:20,2
DA:21,2
DA:22,2
DA:23,2
DA:24,2
DA:25,2
DA:26,2
DA:27,14
DA:28,14
DA:29,14
DA:30,1
DA:31,1
DA:32,1
DA:33,1
DA:34,0
DA:35,0
DA:36,0
DA:37,0
DA:38,0
DA:39,0
DA:40,0
DA:41,0
DA:42,0
DA:43,14
DA:44,14
DA:45,14
DA:46,5
DA:47,5
DA:48,5
DA:49,5
DA:50,5
DA:51,5
DA:52,5
DA:53,5
DA:54,1
DA:55,1
DA:56,2
DA:57,2
DA:58,2
DA:59,5
DA:60,3
DA:61,3
DA:62,3
DA:63,3
DA:64,3
DA:65,3
DA:66,3
DA:67,3
DA:68,3
DA:69,14
DA:70,14
DA:71,14
DA:72,2
DA:73,2
DA:74,2
DA:75,2
DA:76,2
DA:77,2
DA:78,2
DA:79,2
DA:80,1
DA:81,1
DA:82,1
DA:83,1
DA:84,1
DA:85,2
DA:86,0
DA:87,0
DA:88,0
DA:89,0
DA:90,0
DA:91,0
DA:92,0
DA:93,0
DA:94,0
DA:95,14
DA:96,14
DA:97,14
DA:98,2
DA:99,2
DA:100,2
DA:101,2
DA:102,2
DA:103,2
DA:104,2
DA:105,2
DA:106,2
DA:107,2
DA:108,2
DA:109,2
DA:110,0
DA:111,0
DA:112,0
DA:113,0
DA:114,0
DA:115,0
DA:116,2
DA:117,2
DA:118,2
DA:119,2
DA:120,2
DA:121,2
DA:122,2
DA:123,2
DA:124,1
DA:125,1
DA:126,1
DA:127,1
DA:128,0
DA:129,0
DA:130,1
DA:131,1
DA:132,1
DA:133,1
DA:134,1
DA:135,1
DA:136,1
DA:137,1
DA:138,1
DA:139,1
DA:140,1
DA:141,14
DA:142,14
DA:143,14
DA:144,3
DA:145,3
DA:146,3
DA:147,3
DA:148,3
DA:149,3
DA:150,3
DA:151,3
DA:152,2
DA:153,3
DA:154,1
DA:155,1
DA:156,1
DA:157,1
DA:158,1
DA:159,1
DA:160,1
DA:161,1
DA:162,1
DA:163,1
DA:164,1
DA:165,1
DA:166,1
DA:167,1
DA:168,1
DA:169,14
DA:170,14
DA:171,14
DA:172,4
DA:173,4
DA:174,4
DA:175,4
DA:176,4
DA:177,4
DA:178,3
DA:179,3
DA:180,3
DA:181,4
DA:182,1
DA:183,1
DA:184,2
DA:185,2
DA:186,2
DA:187,2
DA:188,2
DA:189,2
DA:190,2
DA:191,2
DA:192,2
DA:193,2
DA:194,2
DA:195,2
DA:196,2
DA:197,14
DA:198,14
DA:199,14
DA:200,9
DA:201,9
DA:202,9
DA:203,9
LF:203
LH:177
BRDA:1,0,0,9
BRDA:6,1,0,14
BRDA:7,2,0,0
BRDA:8,3,0,0
BRDA:11,4,0,10
BRDA:12,5,0,10
BRDA:13,6,0,4
BRDA:15,7,0,4
BRDA:16,8,0,0
BRDA:19,9,0,2
BRDA:20,10,0,0
BRDA:29,11,0,1
BRDA:33,12,0,0
BRDA:45,13,0,5
BRDA:53,14,0,1
BRDA:56,15,0,2
BRDA:59,16,0,3
BRDA:71,17,0,2
BRDA:79,18,0,1
BRDA:85,19,0,0
BRDA:97,20,0,2
BRDA:109,21,0,0
BRDA:123,22,0,1
BRDA:127,23,0,0
BRDA:143,24,0,3
BRDA:144,25,0,0
BRDA:152,26,0,2
BRDA:153,27,0,1
BRDA:171,28,0,4
BRDA:172,29,0,0
BRDA:177,30,0,3
BRDA:177,31,0,3
BRDA:181,32,0,1
BRDA:184,33,0,2
BRF:34
BRH:24
end_of_record
TN:
SF:src/tools/screen.js
FN:7,createScreenTools
FN:13,notifyResourcesChanged
FN:16,wait
FN:22,buildScreenshotPayload
FN:37,buildCaptureOptions
FN:47,storeScreenshot
FN:63,toCaptureResponse
FN:80,captureWithTimeout
FN:102,getDesktopCapabilities
FN:118,getServerStatus
FN:141,getScreenSize
FN:157,screenCapture
FN:188,waitForScreenChange
FNF:13
FNH:13
FNDA:14,createScreenTools
FNDA:1,notifyResourcesChanged
FNDA:19,wait
FNDA:4,buildScreenshotPayload
FNDA:8,buildCaptureOptions
FNDA:4,storeScreenshot
FNDA:4,toCaptureResponse
FNDA:25,captureWithTimeout
FNDA:1,getDesktopCapabilities
FNDA:2,getServerStatus
FNDA:2,getScreenSize
FNDA:6,screenCapture
FNDA:2,waitForScreenChange
DA:1,9
DA:2,9
DA:3,9
DA:4,9
DA:5,9
DA:6,9
DA:7,14
DA:8,14
DA:9,14
DA:10,14
DA:11,14
DA:12,14
DA:13,14
DA:14,14
DA:15,14
DA:16,14
DA:17,19
DA:18,19
DA:19,19
DA:20,19
DA:21,14
DA:22,14
DA:23,4
DA:24,4
DA:25,4
DA:26,4
DA:27,4
DA:28,4
DA:29,4
DA:30,4
DA:31,4
DA:32,4
DA:33,4
DA:34,4
DA:35,4
DA:36,14
DA:37,14
DA:38,8
DA:39,8
DA:40,8
DA:41,8
DA:42,8
DA:43,8
DA:44,8
DA:45,8
DA:46,14
DA:47,14
DA:48,4
DA:49,4
DA:50,4
DA:51,4
DA:52,4
DA:53,4
DA:54,4
DA:55,4
DA:56,4
DA:57,4
DA:58,4
DA:59,4
DA:60,4
DA:61,4
DA:62,14
DA:63,14
DA:64,4
DA:65,4
DA:66,4
DA:67,4
DA:68,4
DA:69,2
DA:70,2
DA:71,2
DA:72,2
DA:73,2
DA:74,2
DA:75,2
DA:76,2
DA:77,2
DA:78,4
DA:79,14
DA:80,14
DA:81,25
DA:82,25
DA:83,25
DA:84,25
DA:85,1
DA:86,25
DA:87,25
DA:88,25
DA:89,25
DA:90,25
DA:91,24
DA:92,24
DA:93,25
DA:94,25
DA:95,0
DA:96,0
DA:97,25
DA:98,25
DA:99,25
DA:100,14
DA:101,14
DA:102,14
DA:103,1
DA:104,1
DA:105,1
DA:106,1
DA:107,0
DA:108,0
DA:109,0
DA:110,0
DA:111,0
DA:112,0
DA:113,0
DA:114,0
DA:115,0
DA:116,14
DA:117,14
DA:118,14
DA:119,2
DA:120,2
DA:121,2
DA:122,2
DA:123,2
DA:124,2
DA:125,2
DA:126,2
DA:127,2
DA:128,2
DA:129,2
DA:130,0
DA:131,0
DA:132,0
DA:133,0
DA:134,0
DA:135,0
DA:136,0
DA:137,0
DA:138,0
DA:139,14
DA:140,14
DA:141,14
DA:142,2
DA:143,2
DA:144,2
DA:145,2
DA:146,0
DA:147,0
DA:148,0
DA:149,0
DA:150,0
DA:151,0
DA:152,0
DA:153,0
DA:154,0
DA:155,14
DA:156,14
DA:157,14
DA:158,6
DA:159,6
DA:160,6
DA:161,6
DA:162,6
DA:163,0
DA:164,0
DA:165,6
DA:166,6
DA:167,6
DA:168,2
DA:169,2
DA:170,4
DA:171,4
DA:172,4
DA:173,3
DA:174,3
DA:175,3
DA:176,5
DA:177,1
DA:178,1
DA:179,1
DA:180,1
DA:181,1
DA:182,1
DA:183,1
DA:184,1
DA:185,1
DA:186,14
DA:187,14
DA:188,14
DA:189,2
DA:190,2
DA:191,2
DA:192,2
DA:193,2
DA:194,2
DA:195,2
DA:196,0
DA:197,0
DA:198,2
DA:199,2
DA:200,2
DA:201,0
DA:202,0
DA:203,2
DA:204,2
DA:205,2
DA:206,2
DA:207,2
DA:208,2
DA:209,19
DA:210,19
DA:211,19
DA:212,19
DA:213,1
DA:214,1
DA:215,1
DA:216,1
DA:217,19
DA:218,1
DA:219,1
DA:220,1
DA:221,1
DA:222,1
DA:223,2
DA:224,0
DA:225,0
DA:226,0
DA:227,0
DA:228,0
DA:229,0
DA:230,0
DA:231,0
DA:232,0
DA:233,14
DA:234,14
DA:235,14
DA:236,9
DA:237,9
DA:238,9
DA:239,9
LF:239
LH:195
BRDA:1,0,0,9
BRDA:7,1,0,14
BRDA:8,2,0,0
BRDA:13,3,0,3
BRDA:14,4,0,0
BRDA:13,5,0,1
BRDA:16,6,0,19
BRDA:17,7,0,19
BRDA:22,8,0,4
BRDA:37,9,0,8
BRDA:43,10,0,3
BRDA:47,11,0,4
BRDA:49,12,0,3
BRDA:49,13,0,1
BRDA:49,14,0,3
BRDA:63,15,0,4
BRDA:68,16,0,2
BRDA:68,17,0,2
BRDA:80,18,0,25
BRDA:81,19,0,0
BRDA:83,20,0,25
BRDA:84,21,0,1
BRDA:90,22,0,24
BRDA:102,23,0,1
BRDA:106,24,0,0
BRDA:118,25,0,2
BRDA:129,26,0,0
BRDA:141,27,0,2
BRDA:145,28,0,0
BRDA:157,29,0,6
BRDA:162,30,0,0
BRDA:167,31,0,2
BRDA:170,32,0,5
BRDA:170,33,0,4
BRDA:173,34,0,3
BRDA:176,35,0,1
BRDA:188,36,0,2
BRDA:190,37,0,0
BRDA:191,38,0,0
BRDA:195,39,0,0
BRDA:200,40,0,0
BRDA:208,41,0,19
BRDA:212,42,0,1
BRDA:218,43,0,1
BRDA:223,44,0,0
BRF:45
BRH:33
end_of_record
