TN:
SF:launch.js
FN:14,getPathModule
FN:18,parseMajor
FN:23,isCompatibleNode
FN:39,addCandidate
FN:51,getPathCandidates
FN:70,expandVersionedNodePaths
FN:88,getWellKnownCandidates
FN:129,findCompatibleNode
FN:138,compatible
FN:160,main
FNF:10
FNH:10
FNDA:3,getPathModule
FNDA:9,parseMajor
FNDA:6,isCompatibleNode
FNDA:8,addCandidate
FNDA:1,getPathCandidates
FNDA:4,expandVersionedNodePaths
FNDA:2,getWellKnownCandidates
FNDA:1,findCompatibleNode
FNDA:6,compatible
FNDA:8,main
DA:1,9
DA:2,9
DA:3,9
DA:4,9
DA:5,9
DA:6,9
DA:7,9
DA:8,9
DA:9,9
DA:10,9
DA:11,9
DA:12,9
DA:13,9
DA:14,3
DA:15,3
DA:16,3
DA:17,9
DA:18,9
DA:19,9
DA:20,9
DA:21,9
DA:22,9
DA:23,6
DA:24,6
DA:25,5
DA:26,5
DA:27,1
DA:28,1
DA:29,1
DA:30,1
DA:31,1
DA:32,1
DA:33,1
DA:34,6
DA:35,0
DA:36,0
DA:37,6
DA:38,9
DA:39,8
DA:40,8
DA:41,2
DA:42,2
DA:43,6
DA:44,6
DA:45,6
DA:46,6
DA:47,6
DA:48,6
DA:49,8
DA:50,9
DA:51,1
DA:52,1
DA:53,1
DA:54,1
DA:55,1
DA:56,1
DA:57,1
DA:58,1
DA:59,1
DA:60,1
DA:61,0
DA:62,0
DA:63,0
DA:64,0
DA:65,1
DA:66,1
DA:67,1
DA:68,1
DA:69,9
DA:70,4
DA:71,4
DA:72,0
DA:73,0
DA:74,4
DA:75,4
DA:76,4
DA:77,4
DA:78,2
DA:79,4
DA:80,4
DA:81,2
DA:82,4
DA:83,4
DA:84,0
DA:85,0
DA:86,4
DA:87,9
DA:88,2
DA:89,2
DA:90,2
DA:91,2
DA:92,2
DA:93,2
DA:94,2
DA:95,2
DA:96,2
DA:97,1
DA:98,1
DA:99,1
DA:100,1
DA:101,1
DA:102,1
DA:103,1
DA:104,1
DA:105,1
DA:106,1
DA:107,1
DA:108,1
DA:109,1
DA:110,1
DA:111,1
DA:112,1
DA:113,1
DA:114,1
DA:115,1
DA:116,1
DA:117,1
DA:118,1
DA:119,1
DA:120,1
DA:121,1
DA:122,1
DA:123,1
DA:124,1
DA:125,1
DA:126,1
DA:127,2
DA:128,9
DA:129,1
DA:130,1
DA:131,1
DA:132,1
DA:133,1
DA:134,1
DA:135,1
DA:136,1
DA:137,1
DA:138,1
DA:139,6
DA:140,6
DA:141,1
DA:142,1
DA:143,1
DA:144,1
DA:145,0
DA:146,1
DA:147,1
DA:148,6
DA:149,1
DA:150,1
DA:151,1
DA:152,6
DA:153,1
DA:154,1
DA:155,6
DA:156,0
DA:157,0
DA:158,1
DA:159,9
DA:160,8
DA:161,8
DA:162,8
DA:163,8
DA:164,8
DA:165,0
DA:166,0
DA:167,0
DA:168,0
DA:169,8
DA:170,8
DA:171,8
DA:172,8
DA:173,8
DA:174,8
DA:175,8
DA:176,8
DA:177,8
DA:178,0
DA:179,0
DA:180,0
DA:181,8
DA:182,8
DA:183,8
DA:184,8
DA:185,8
DA:186,0
DA:187,0
DA:188,8
DA:189,8
DA:190,9
DA:191,9
DA:192,8
DA:193,8
DA:194,9
DA:195,9
DA:196,9
DA:197,9
DA:198,9
DA:199,9
DA:200,9
LF:200
LH:178
BRDA:1,0,0,9
BRDA:191,1,0,8
BRDA:14,2,0,3
BRDA:15,3,0,1
BRDA:15,4,0,2
BRDA:18,5,0,9
BRDA:19,6,0,0
BRDA:20,7,0,0
BRDA:23,8,0,6
BRDA:24,9,0,5
BRDA:27,10,0,1
BRDA:34,11,0,0
BRDA:39,12,0,8
BRDA:40,13,0,2
BRDA:43,14,0,6
BRDA:51,15,0,1
BRDA:55,16,0,0
BRDA:57,17,0,1
BRDA:61,18,0,0
BRDA:70,19,0,4
BRDA:71,20,0,0
BRDA:83,21,0,0
BRDA:77,22,0,2
BRDA:80,23,0,2
BRDA:88,24,0,2
BRDA:89,25,0,0
BRDA:90,26,0,0
BRDA:91,27,0,0
BRDA:92,28,0,0
BRDA:96,29,0,1
BRDA:99,30,0,0
BRDA:100,31,0,0
BRDA:101,32,0,0
BRDA:102,33,0,0
BRDA:103,34,0,0
BRDA:129,35,0,1
BRDA:130,36,0,0
BRDA:131,37,0,0
BRDA:132,38,0,0
BRDA:133,39,0,0
BRDA:134,40,0,0
BRDA:147,41,0,0
BRDA:151,42,0,6
BRDA:152,43,0,1
BRDA:156,44,0,0
BRDA:138,45,0,6
BRDA:147,46,0,6
BRDA:160,47,0,8
BRDA:162,48,0,0
BRDA:164,49,0,0
BRDA:176,50,0,8
BRDA:177,51,0,0
BRF:52
BRH:26
end_of_record
TN:
SF:server.js
FN:14,main
FNF:1
FNH:1
FNDA:8,main
DA:1,8
DA:2,8
DA:3,8
DA:4,8
DA:5,8
DA:6,8
DA:7,8
DA:8,8
DA:9,8
DA:10,8
DA:11,8
DA:12,8
DA:13,8
DA:14,8
DA:15,8
DA:16,8
DA:17,8
DA:18,8
DA:19,8
DA:20,8
DA:21,8
DA:22,8
DA:23,8
DA:24,8
DA:25,8
DA:26,8
DA:27,8
DA:28,8
DA:29,8
DA:30,8
DA:31,8
DA:32,8
DA:33,8
DA:34,8
DA:35,8
DA:36,8
DA:37,8
DA:38,8
DA:39,8
DA:40,8
DA:41,8
DA:42,8
DA:43,8
DA:44,0
DA:45,0
DA:46,8
LF:46
LH:44
BRDA:1,0,0,8
BRDA:14,1,0,8
BRF:2
BRH:2
end_of_record
TN:
SF:src/adapters/platform.js
FN:4,createPlatformAdapter
FN:8,getScreenCaptureAvailability
FN:26,getDesktopCapabilities
FNF:3
FNH:3
FNDA:10,createPlatformAdapter
FNDA:15,getScreenCaptureAvailability
FNDA:14,getDesktopCapabilities
DA:1,9
DA:2,9
DA:3,9
DA:4,10
DA:5,10
DA:6,10
DA:7,10
DA:8,10
DA:9,15
DA:10,1
DA:11,1
DA:12,14
DA:13,15
DA:14,11
DA:15,11
DA:16,3
DA:17,3
DA:18,3
DA:19,3
DA:20,3
DA:21,3
DA:22,15
DA:23,10
DA:24,10
DA:25,10
DA:26,10
DA:27,14
DA:28,14
DA:29,14
DA:30,14
DA:31,13
DA:32,13
DA:33,14
DA:34,14
DA:35,14
DA:36,14
DA:37,14
DA:38,14
DA:39,14
DA:40,14
DA:41,14
DA:42,14
DA:43,14
DA:44,14
DA:45,14
DA:46,14
DA:47,14
DA:48,14
DA:49,14
DA:50,14
DA:51,10
DA:52,10
DA:53,10
DA:54,9
DA:55,9
DA:56,9
DA:57,9
LF:57
LH:57
BRDA:1,0,0,9
BRDA:4,1,0,10
BRDA:5,2,0,0
BRDA:6,3,0,0
BRDA:8,4,0,15
BRDA:9,5,0,14
BRDA:9,6,0,1
BRDA:13,7,0,3
BRDA:13,8,0,11
BRDA:16,9,0,3
BRDA:26,10,0,14
BRDA:30,11,0,13
BRDA:31,12,0,0
BRDA:31,13,0,11
BRDA:31,14,0,2
BRF:15
BRH:12
end_of_record
TN:
SF:src/adapters/robotjsAdapter.js
FN:3,createRobotjsAdapter
FN:7,getScreenSize
FN:10,getMousePosition
FN:13,moveMouse
FN:16,dragMouse
FN:19,scrollMouse
FN:22,mouseClick
FN:30,typeString
FN:33,pressKey
FNF:9
FNH:9
FNDA:9,createRobotjsAdapter
FNDA:2,getScreenSize
FNDA:1,getMousePosition
FNDA:1,moveMouse
FNDA:1,dragMouse
FNDA:1,scrollMouse
FNDA:1,mouseClick
FNDA:1,typeString
FNDA:1,pressKey
DA:1,9
DA:2,9
DA:3,9
DA:4,9
DA:5,9
DA:6,9
DA:7,9
DA:8,2
DA:9,9
DA:10,9
DA:11,1
DA:12,9
DA:13,9
DA:14,1
DA:15,9
DA:16,9
DA:17,1
DA:18,9
DA:19,9
DA:20,1
DA:21,9
DA:22,9
DA:23,1
DA:24,1
DA:25,1
DA:26,1
DA:27,0
DA:28,0
DA:29,9
DA:30,9
DA:31,1
DA:32,9
DA:33,9
DA:34,1
DA:35,0
DA:36,0
DA:37,0
DA:38,1
DA:39,1
DA:40,9
DA:41,9
DA:42,9
DA:43,9
DA:44,9
DA:45,9
DA:46,9
LF:46
LH:41
BRDA:1,0,0,9
BRDA:3,1,0,9
BRDA:4,2,0,8
BRDA:7,3,0,2
BRDA:10,4,0,1
BRDA:13,5,0,1
BRDA:16,6,0,1
BRDA:19,7,0,1
BRDA:22,8,0,1
BRDA:27,9,0,0
BRDA:30,10,0,1
BRDA:33,11,0,1
BRDA:34,12,0,0
BRF:13
BRH:11
end_of_record
TN:
SF:src/adapters/screenshotAdapter.js
FN:3,createScreenshotAdapter
FN:7,capture
FNF:2
FNH:2
FNDA:9,createScreenshotAdapter
FNDA:1,capture
DA:1,9
DA:2,9
DA:3,9
DA:4,9
DA:5,9
DA:6,9
DA:7,9
DA:8,1
DA:9,1
DA:10,1
DA:11,1
DA:12,1
DA:13,1
DA:14,1
DA:15,1
DA:16,1
DA:17,1
DA:18,1
DA:19,9
DA:20,9
DA:21,9
DA:22,9
DA:23,9
DA:24,9
DA:25,9
LF:25
LH:25
BRDA:1,0,0,9
BRDA:3,1,0,9
BRDA:4,2,0,8
BRDA:7,3,0,1
BRF:4
BRH:4
end_of_record
TN:
SF:src/config/index.js
FN:1,parsePositiveInteger
FN:11,parseBoolean
FN:28,parseList
FN:39,parseSafeArea
FN:60,createConfig
FNF:5
FNH:5
FNDA:63,parsePositiveInteger
FNDA:36,parseBoolean
FNDA:18,parseList
FNDA:9,parseSafeArea
FNDA:9,createConfig
DA:1,63
DA:2,63
DA:3,63
DA:4,63
DA:5,58
DA:6,58
DA:7,5
DA:8,5
DA:9,63
DA:10,9
DA:11,36
DA:12,36
DA:13,32
DA:14,32
DA:15,4
DA:16,4
DA:17,4
DA:18,3
DA:19,3
DA:20,1
DA:21,1
DA:22,1
DA:23,1
DA:24,0
DA:25,0
DA:26,36
DA:27,9
DA:28,18
DA:29,18
DA:30,16
DA:31,16
DA:32,2
DA:33,2
DA:34,2
DA:35,2
DA:36,2
DA:37,18
DA:38,9
DA:39,9
DA:40,9
DA:41,8
DA:42,8
DA:43,1
DA:44,1
DA:45,1
DA:46,1
DA:47,1
DA:48,9
DA:49,0
DA:50,0
DA:51,1
DA:52,1
DA:53,1
DA:54,1
DA:55,1
DA:56,1
DA:57,1
DA:58,9
DA:59,9
DA:60,9
DA:61,9
DA:62,9
DA:63,9
DA:64,9
DA:65,9
DA:66,9
DA:67,9
DA:68,9
DA:69,9
DA:70,9
DA:71,9
DA:72,9
DA:73,9
DA:74,9
DA:75,9
DA:76,9
DA:77,9
DA:78,9
DA:79,9
DA:80,9
DA:81,9
DA:82,9
DA:83,9
DA:84,9
DA:85,9
DA:86,9
DA:87,9
DA:88,9
DA:89,9
DA:90,9
DA:91,9
DA:92,9
DA:93,9
DA:94,9
DA:95,9
DA:96,9
LF:96
LH:92
BRDA:1,0,0,9
BRDA:1,1,0,63
BRDA:4,2,0,5
BRDA:4,3,0,58
BRDA:7,4,0,5
BRDA:11,5,0,36
BRDA:12,6,0,32
BRDA:15,7,0,4
BRDA:17,8,0,3
BRDA:20,9,0,1
BRDA:24,10,0,0
BRDA:28,11,0,18
BRDA:29,12,0,16
BRDA:32,13,0,2
BRDA:35,14,0,3
BRDA:39,15,0,9
BRDA:40,16,0,8
BRDA:43,17,0,1
BRDA:48,18,0,1
BRDA:48,19,0,0
BRDA:46,20,0,4
BRDA:48,21,0,4
BRDA:60,22,0,9
BRF:23
BRH:21
end_of_record
TN:
SF:src/domain/errors.js
FN:12,AutomationError
FN:20,toAutomationError
FNF:2
FNH:2
FNDA:18,AutomationError
FNDA:10,toAutomationError
DA:1,12
DA:2,12
DA:3,12
DA:4,12
DA:5,12
DA:6,12
DA:7,12
DA:8,12
DA:9,12
DA:10,12
DA:11,12
DA:12,12
DA:13,18
DA:14,18
DA:15,18
DA:16,18
DA:17,18
DA:18,12
DA:19,12
DA:20,10
DA:21,10
DA:22,5
DA:23,5
DA:24,5
DA:25,10
DA:26,10
DA:27,12
DA:28,12
DA:29,12
DA:30,12
DA:31,12
DA:32,12
LF:32
LH:32
BRDA:1,0,0,12
BRDA:12,1,0,18
BRDA:20,2,0,10
BRDA:21,3,0,5
BRDA:25,4,0,5
BRDA:25,5,0,0
BRF:6
BRH:5
end_of_record
TN:
SF:src/domain/keyboard.js
FN:48,getPrimaryModifier
FN:52,normalizeKey
FN:65,normalizeModifiers
FN:87,getKeyboardCompatibility
FNF:4
FNH:4
FNDA:35,getPrimaryModifier
FNDA:5,normalizeKey
FNDA:5,normalizeModifiers
FNDA:15,getKeyboardCompatibility
DA:1,11
DA:2,11
DA:3,11
DA:4,11
DA:5,11
DA:6,11
DA:7,11
DA:8,11
DA:9,11
DA:10,11
DA:11,11
DA:12,11
DA:13,11
DA:14,11
DA:15,11
DA:16,11
DA:17,11
DA:18,11
DA:19,11
DA:20,11
DA:21,11
DA:22,11
DA:23,11
DA:24,11
DA:25,11
DA:26,11
DA:27,11
DA:28,11
DA:29,11
DA:30,11
DA:31,11
DA:32,11
DA:33,11
DA:34,11
DA:35,11
DA:36,11
DA:37,11
DA:38,11
DA:39,11
DA:40,11
DA:41,11
DA:42,11
DA:43,11
DA:44,11
DA:45,11
DA:46,11
DA:47,11
DA:48,35
DA:49,35
DA:50,35
DA:51,11
DA:52,5
DA:53,5
DA:54,5
DA:55,5
DA:56,5
DA:57,4
DA:58,4
DA:59,1
DA:60,1
DA:61,1
DA:62,1
DA:63,5
DA:64,11
DA:65,5
DA:66,5
DA:67,5
DA:68,5
DA:69,5
DA:70,9
DA:71,9
DA:72,9
DA:73,1
DA:74,1
DA:75,1
DA:76,1
DA:77,8
DA:78,9
DA:79,6
DA:80,6
DA:81,6
DA:82,8
DA:83,8
DA:84,5
DA:85,5
DA:86,11
DA:87,15
DA:88,15
DA:89,15
DA:90,15
DA:91,15
DA:92,15
DA:93,15
DA:94,11
DA:95,11
DA:96,11
DA:97,11
DA:98,11
DA:99,11
LF:99
LH:99
BRDA:1,0,0,11
BRDA:48,1,0,35
BRDA:49,2,0,6
BRDA:49,3,0,29
BRDA:52,4,0,5
BRDA:53,5,0,0
BRDA:54,6,0,2
BRDA:56,7,0,4
BRDA:56,8,0,4
BRDA:56,9,0,4
BRDA:59,10,0,1
BRDA:65,11,0,5
BRDA:69,12,0,0
BRDA:69,13,0,9
BRDA:69,14,0,0
BRDA:69,15,0,9
BRDA:70,16,0,3
BRDA:70,17,0,6
BRDA:72,18,0,1
BRDA:77,19,0,8
BRDA:78,20,0,6
BRDA:82,21,0,8
BRDA:87,22,0,15
BRF:23
BRH:20
end_of_record
TN:
SF:src/domain/policy.js
FN:3,assertToolAllowed
FN:40,assertCoordinatesInBounds
FN:60,assertPointInSafeArea
FNF:3
FNH:3
FNDA:34,assertToolAllowed
FNDA:7,assertCoordinatesInBounds
FNDA:12,assertPointInSafeArea
DA:1,10
DA:2,10
DA:3,34
DA:4,34
DA:5,34
DA:6,34
DA:7,34
DA:8,1
DA:9,1
DA:10,1
DA:11,1
DA:12,1
DA:13,1
DA:14,33
DA:15,34
DA:16,0
DA:17,0
DA:18,0
DA:19,0
DA:20,0
DA:21,0
DA:22,33
DA:23,34
DA:24,2
DA:25,2
DA:26,2
DA:27,2
DA:28,2
DA:29,2
DA:30,31
DA:31,34
DA:32,1
DA:33,1
DA:34,1
DA:35,1
DA:36,1
DA:37,1
DA:38,34
DA:39,10
DA:40,7
DA:41,7
DA:42,0
DA:43,0
DA:44,7
DA:45,7
DA:46,7
DA:47,7
DA:48,7
DA:49,7
DA:50,7
DA:51,5
DA:52,7
DA:53,2
DA:54,2
DA:55,2
DA:56,2
DA:57,2
DA:58,7
DA:59,10
DA:60,12
DA:61,12
DA:62,1
DA:63,1
DA:64,11
DA:65,12
DA:66,12
DA:67,12
DA:68,12
DA:69,3
DA:70,3
DA:71,3
DA:72,3
DA:73,3
DA:74,3
DA:75,12
DA:76,10
DA:77,10
DA:78,10
DA:79,10
DA:80,10
DA:81,10
LF:81
LH:73
BRDA:1,0,0,10
BRDA:3,1,0,34
BRDA:4,2,0,29
BRDA:5,3,0,30
BRDA:7,4,0,1
BRDA:7,5,0,33
BRDA:7,6,0,1
BRDA:15,7,0,0
BRDA:22,8,0,33
BRDA:23,9,0,19
BRDA:23,10,0,2
BRDA:30,11,0,32
BRDA:30,12,0,31
BRDA:31,13,0,17
BRDA:31,14,0,1
BRDA:40,15,0,7
BRDA:41,16,0,0
BRDA:48,17,0,6
BRDA:49,18,0,6
BRDA:50,19,0,5
BRDA:52,20,0,2
BRDA:60,21,0,12
BRDA:61,22,0,1
BRDA:64,23,0,11
BRDA:66,24,0,11
BRDA:68,25,0,8
BRDA:68,26,0,3
BRF:27
BRH:25
end_of_record
TN:
SF:src/domain/screenshots.js
FN:6,toMetadata
FN:20,createScreenshotStore
FN:28,remove
FN:38,purgeExpired
FN:47,enforceLimits
FN:59,save
FN:102,get
FN:106,recent
FN:115,list
FN:119,stats
FNF:10
FNH:10
FNDA:3,toMetadata
FNDA:12,createScreenshotStore
FNDA:2,remove
FNDA:19,purgeExpired
FNDA:6,enforceLimits
FNDA:7,save
FNDA:4,get
FNDA:2,recent
FNDA:3,list
FNDA:3,stats
DA:1,9
DA:2,9
DA:3,9
DA:4,9
DA:5,9
DA:6,3
DA:7,3
DA:8,3
DA:9,3
DA:10,3
DA:11,3
DA:12,3
DA:13,3
DA:14,3
DA:15,3
DA:16,3
DA:17,3
DA:18,3
DA:19,9
DA:20,12
DA:21,12
DA:22,12
DA:23,12
DA:24,12
DA:25,12
DA:26,12
DA:27,12
DA:28,12
DA:29,2
DA:30,2
DA:31,0
DA:32,0
DA:33,2
DA:34,2
DA:35,2
DA:36,2
DA:37,12
DA:38,12
DA:39,19
DA:40,19
DA:41,15
DA:42,1
DA:43,1
DA:44,15
DA:45,19
DA:46,12
DA:47,12
DA:48,6
DA:49,1
DA:50,1
DA:51,0
DA:52,0
DA:53,1
DA:54,1
DA:55,1
DA:56,6
DA:57,12
DA:58,12
DA:59,12
DA:60,7
DA:61,7
DA:62,7
DA:63,7
DA:64,7
DA:65,7
DA:66,1
DA:67,1
DA:68,1
DA:69,1
DA:70,1
DA:71,1
DA:72,6
DA:73,6
DA:74,6
DA:75,6
DA:76,7
DA:77,7
DA:78,7
DA:79,7
DA:80,7
DA:81,7
DA:82,7
DA:83,7
DA:84,7
DA:85,7
DA:86,7
DA:87,7
DA:88,7
DA:89,7
DA:90,7
DA:91,7
DA:92,7
DA:93,0
DA:94,0
DA:95,0
DA:96,0
DA:97,0
DA:98,0
DA:99,6
DA:100,6
DA:101,12
DA:102,12
DA:103,4
DA:104,4
DA:105,12
DA:106,12
DA:107,2
DA:108,2
DA:109,2
DA:110,1
DA:111,1
DA:112,1
DA:113,1
DA:114,12
DA:115,12
DA:116,3
DA:117,3
DA:118,12
DA:119,12
DA:120,3
DA:121,3
DA:122,3
DA:123,3
DA:124,3
DA:125,3
DA:126,3
DA:127,3
DA:128,12
DA:129,12
DA:130,12
DA:131,9
DA:132,9
DA:133,9
DA:134,9
LF:134
LH:124
BRDA:1,0,0,9
BRDA:6,1,0,3
BRDA:20,2,0,12
BRDA:22,3,0,9
BRDA:23,4,0,0
BRDA:24,5,0,0
BRDA:25,6,0,0
BRDA:28,7,0,2
BRDA:30,8,0,0
BRDA:38,9,0,19
BRDA:40,10,0,15
BRDA:41,11,0,1
BRDA:47,12,0,6
BRDA:48,13,0,1
BRDA:50,14,0,0
BRDA:59,15,0,7
BRDA:65,16,0,1
BRDA:72,17,0,6
BRDA:76,18,0,0
BRDA:81,19,0,3
BRDA:82,20,0,3
BRDA:83,21,0,5
BRDA:84,22,0,4
BRDA:92,23,0,0
BRDA:99,24,0,6
BRDA:102,25,0,4
BRDA:104,26,0,3
BRDA:106,27,0,2
BRDA:109,28,0,1
BRDA:115,29,0,3
BRDA:119,30,0,3
BRF:31
BRH:24
end_of_record
TN:
SF:src/logging/index.js
FN:1,sanitizeValue
FN:37,createLogger
FN:40,write
FN:52,info
FN:55,warn
FN:58,error
FNF:6
FNH:5
FNDA:388,sanitizeValue
FNDA:9,createLogger
FNDA:18,write
FNDA:17,info
FNDA:0,warn
FNDA:1,error
DA:1,388
DA:2,388
DA:3,1
DA:4,1
DA:5,1
DA:6,1
DA:7,1
DA:8,1
DA:9,1
DA:10,387
DA:11,388
DA:12,0
DA:13,0
DA:14,387
DA:15,388
DA:16,66
DA:17,371
DA:18,371
DA:19,371
DA:20,371
DA:21,2
DA:22,2
DA:23,2
DA:24,369
DA:25,369
DA:26,369
DA:27,66
DA:28,66
DA:29,321
DA:30,388
DA:31,0
DA:32,0
DA:33,321
DA:34,321
DA:35,388
DA:36,9
DA:37,9
DA:38,9
DA:39,9
DA:40,9
DA:41,18
DA:42,18
DA:43,18
DA:44,18
DA:45,18
DA:46,18
DA:47,18
DA:48,18
DA:49,18
DA:50,9
DA:51,9
DA:52,9
DA:53,17
DA:54,9
DA:55,9
DA:56,0
DA:57,9
DA:58,9
DA:59,1
DA:60,9
DA:61,9
DA:62,9
DA:63,9
DA:64,9
DA:65,9
DA:66,9
LF:66
LH:61
BRDA:1,0,0,9
BRDA:1,1,0,388
BRDA:2,2,0,1
BRDA:10,3,0,387
BRDA:11,4,0,0
BRDA:14,5,0,387
BRDA:15,6,0,345
BRDA:15,7,0,66
BRDA:29,8,0,385
BRDA:29,9,0,321
BRDA:30,10,0,216
BRDA:30,11,0,385
BRDA:30,12,0,0
BRDA:33,13,0,321
BRDA:16,14,0,371
BRDA:20,15,0,370
BRDA:20,16,0,2
BRDA:24,17,0,369
BRDA:37,18,0,9
BRDA:38,19,0,8
BRDA:40,20,0,18
BRDA:52,21,0,17
BRDA:58,22,0,1
BRF:23
BRH:21
end_of_record
TN:
SF:src/server/createServer.js
FN:9,createServer
FN:26,notifyResourcesChanged
FNF:2
FNH:1
FNDA:8,createServer
FNDA:0,notifyResourcesChanged
DA:1,8
DA:2,8
DA:3,8
DA:4,8
DA:5,8
DA:6,8
DA:7,8
DA:8,8
DA:9,8
DA:10,8
DA:11,8
DA:12,8
DA:13,8
DA:14,8
DA:15,8
DA:16,8
DA:17,8
DA:18,8
DA:19,8
DA:20,8
DA:21,8
DA:22,8
DA:23,8
DA:24,8
DA:25,8
DA:26,8
DA:27,0
DA:28,8
DA:29,8
DA:30,8
DA:31,8
DA:32,8
DA:33,8
DA:34,8
DA:35,8
DA:36,8
DA:37,8
DA:38,8
DA:39,8
DA:40,8
DA:41,8
DA:42,8
DA:43,8
DA:44,8
DA:45,8
DA:46,8
DA:47,8
DA:48,8
DA:49,8
DA:50,8
DA:51,8
DA:52,8
DA:53,8
DA:54,8
DA:55,8
DA:56,8
DA:57,8
DA:58,8
DA:59,8
DA:60,8
DA:61,8
DA:62,8
DA:63,8
DA:64,8
DA:65,8
DA:66,8
DA:67,8
DA:68,8
DA:69,8
DA:70,8
DA:71,8
DA:72,8
DA:73,8
DA:74,8
DA:75,8
DA:76,8
DA:77,8
DA:78,8
DA:79,8
DA:80,8
DA:81,8
DA:82,8
DA:83,8
DA:84,8
DA:85,8
DA:86,8
DA:87,8
DA:88,8
DA:89,8
DA:90,8
DA:91,8
DA:92,8
DA:93,8
DA:94,8
DA:95,8
DA:96,8
DA:97,8
DA:98,8
DA:99,8
DA:100,8
DA:101,8
DA:102,8
DA:103,8
DA:104,8
DA:105,8
DA:106,8
DA:107,8
DA:108,8
DA:109,8
DA:110,8
DA:111,8
DA:112,8
DA:113,8
DA:114,8
DA:115,8
DA:116,8
DA:117,8
DA:118,8
DA:119,8
DA:120,8
DA:121,8
DA:122,8
DA:123,8
DA:124,8
DA:125,8
DA:126,8
DA:127,8
DA:128,8
DA:129,8
DA:130,8
DA:131,8
DA:132,8
DA:133,8
DA:134,8
DA:135,8
DA:136,8
DA:137,1
DA:138,1
DA:139,1
DA:140,1
DA:141,1
DA:142,1
DA:143,1
DA:144,1
DA:145,1
DA:146,1
DA:147,1
DA:148,1
DA:149,8
DA:150,8
DA:151,8
DA:152,1
DA:153,1
DA:154,1
DA:155,1
DA:156,1
DA:157,1
DA:158,1
DA:159,8
DA:160,8
DA:161,8
DA:162,1
DA:163,1
DA:164,1
DA:165,1
DA:166,1
DA:167,1
DA:168,1
DA:169,1
DA:170,1
DA:171,1
DA:172,1
DA:173,8
DA:174,8
DA:175,8
DA:176,1
DA:177,1
DA:178,1
DA:179,1
DA:180,1
DA:181,1
DA:182,1
DA:183,8
DA:184,8
DA:185,8
DA:186,8
DA:187,8
DA:188,8
DA:189,1
DA:190,1
DA:191,1
DA:192,1
DA:193,0
DA:194,0
DA:195,0
DA:196,0
DA:197,0
DA:198,0
DA:199,0
DA:200,0
DA:201,0
DA:202,0
DA:203,8
DA:204,8
DA:205,8
DA:206,8
DA:207,8
DA:208,8
DA:209,8
DA:210,8
DA:211,8
DA:212,8
DA:213,8
DA:214,8
DA:215,8
DA:216,2
DA:217,2
DA:218,2
DA:219,2
DA:220,2
DA:221,2
DA:222,2
DA:223,2
DA:224,2
DA:225,2
DA:226,2
DA:227,8
DA:228,8
DA:229,8
DA:230,8
DA:231,8
DA:232,8
DA:233,8
DA:234,8
DA:235,8
DA:236,8
DA:237,8
DA:238,8
DA:239,8
DA:240,8
DA:241,1
DA:242,1
DA:243,1
DA:244,1
DA:245,1
DA:246,1
DA:247,1
DA:248,1
DA:249,1
DA:250,1
DA:251,1
DA:252,8
DA:253,8
DA:254,8
DA:255,8
DA:256,8
DA:257,8
DA:258,8
DA:259,8
DA:260,8
DA:261,8
DA:262,8
DA:263,8
DA:264,8
DA:265,1
DA:266,1
DA:267,1
DA:268,1
DA:269,1
DA:270,1
DA:271,1
DA:272,1
DA:273,1
DA:274,1
DA:275,1
DA:276,8
DA:277,8
DA:278,8
DA:279,8
DA:280,8
DA:281,8
DA:282,8
DA:283,8
DA:284,8
LF:284
LH:273
BRDA:1,0,0,8
BRDA:9,1,0,8
BRDA:10,2,0,0
BRDA:39,3,0,1
BRDA:42,4,0,1
BRDA:46,5,0,1
BRDA:56,6,0,1
BRDA:136,7,0,1
BRDA:151,8,0,1
BRDA:161,9,0,1
BRDA:175,10,0,1
BRDA:188,11,0,1
BRDA:193,12,0,0
BRDA:215,13,0,2
BRDA:222,14,0,1
BRDA:222,15,0,1
BRDA:240,16,0,1
BRDA:264,17,0,1
BRF:18
BRH:16
end_of_record
TN:
SF:src/server/mcpResponses.js
FN:1,textResponse
FN:13,okResponse
FN:17,errorResponse
FN:27,imageResponse
FNF:4
FNH:4
FNDA:32,textResponse
FNDA:18,okResponse
FNDA:14,errorResponse
FNDA:3,imageResponse
DA:1,32
DA:2,32
DA:3,32
DA:4,32
DA:5,32
DA:6,32
DA:7,32
DA:8,32
DA:9,32
DA:10,32
DA:11,32
DA:12,10
DA:13,18
DA:14,18
DA:15,18
DA:16,10
DA:17,14
DA:18,14
DA:19,14
DA:20,14
DA:21,6
DA:22,6
DA:23,14
DA:24,14
DA:25,14
DA:26,10
DA:27,3
DA:28,3
DA:29,3
DA:30,3
DA:31,3
DA:32,3
DA:33,3
DA:34,3
DA:35,3
DA:36,3
DA:37,3
DA:38,3
DA:39,3
DA:40,3
DA:41,3
DA:42,3
DA:43,10
DA:44,10
DA:45,10
DA:46,10
DA:47,10
DA:48,10
LF:48
LH:48
BRDA:1,0,0,10
BRDA:1,1,0,32
BRDA:13,2,0,18
BRDA:14,3,0,5
BRDA:17,4,0,14
BRDA:20,5,0,6
BRDA:27,6,0,3
BRDA:32,7,0,0
BRF:8
BRH:7
end_of_record
TN:
SF:src/tools/keyboard.js
FN:6,createKeyboardTools
FN:13,keyboardType
FN:35,keyboardPress
FNF:3
FNH:3
FNDA:11,createKeyboardTools
FNDA:2,keyboardType
FNDA:2,keyboardPress
DA:1,9
DA:2,9
DA:3,9
DA:4,9
DA:5,9
DA:6,11
DA:7,11
DA:8,11
DA:9,11
DA:10,11
DA:11,11
DA:12,11
DA:13,11
DA:14,2
DA:15,2
DA:16,2
DA:17,2
DA:18,0
DA:19,0
DA:20,1
DA:21,1
DA:22,1
DA:23,2
DA:24,2
DA:25,2
DA:26,2
DA:27,2
DA:28,2
DA:29,2
DA:30,2
DA:31,2
DA:32,2
DA:33,11
DA:34,11
DA:35,11
DA:36,2
DA:37,2
DA:38,2
DA:39,2
DA:40,2
DA:41,2
DA:42,2
DA:43,2
DA:44,2
DA:45,2
DA:46,2
DA:47,0
DA:48,0
DA:49,2
DA:50,2
DA:51,2
DA:52,2
DA:53,1
DA:54,1
DA:55,1
DA:56,1
DA:57,1
DA:58,1
DA:59,1
DA:60,1
DA:61,1
DA:62,11
DA:63,11
DA:64,11
DA:65,9
DA:66,9
DA:67,9
DA:68,9
LF:68
LH:64
BRDA:1,0,0,9
BRDA:6,1,0,11
BRDA:7,2,0,0
BRDA:8,3,0,0
BRDA:13,4,0,2
BRDA:17,5,0,0
BRDA:20,6,0,1
BRDA:35,7,0,2
BRDA:36,8,0,0
BRDA:42,9,0,1
BRDA:43,10,0,1
BRDA:44,11,0,1
BRDA:46,12,0,0
BRDA:52,13,0,1
BRF:14
BRH:9
end_of_record
TN:
SF:src/tools/mouse.js
FN:5,createMouseTools
FN:10,getCurrentMousePosition
FN:15,getMousePosition
FN:31,mouseMove
FN:57,mouseDrag
FN:83,mouseScroll
FN:111,mouseClick
FNF:7
FNH:7
FNDA:13,createMouseTools
FNDA:4,getCurrentMousePosition
FNDA:1,getMousePosition
FNDA:5,mouseMove
FNDA:2,mouseDrag
FNDA:3,mouseScroll
FNDA:4,mouseClick
DA:1,9
DA:2,9
DA:3,9
DA:4,9
DA:5,13
DA:6,13
DA:7,13
DA:8,13
DA:9,13
DA:10,13
DA:11,4
DA:12,4
DA:13,13
DA:14,13
DA:15,13
DA:16,1
DA:17,1
DA:18,1
DA:19,1
DA:20,0
DA:21,0
DA:22,0
DA:23,0
DA:24,0
DA:25,0
DA:26,0
DA:27,0
DA:28,0
DA:29,13
DA:30,13
DA:31,13
DA:32,5
DA:33,5
DA:34,5
DA:35,5
DA:36,5
DA:37,5
DA:38,5
DA:39,5
DA:40,1
DA:41,1
DA:42,2
DA:43,2
DA:44,2
DA:45,5
DA:46,3
DA:47,3
DA:48,3
DA:49,3
DA:50,3
DA:51,3
DA:52,3
DA:53,3
DA:54,3
DA:55,13
DA:56,13
DA:57,13
DA:58,2
DA:59,2
DA:60,2
DA:61,2
DA:62,2
DA:63,2
DA:64,2
DA:65,2
DA:66,1
DA:67,1
DA:68,1
DA:69,1
DA:70,1
DA:71,2
DA:72,0
DA:73,0
DA:74,0
DA:75,0
DA:76,0
DA:77,0
DA:78,0
DA:79,0
DA:80,0
DA:81,13
DA:82,13
DA:83,13
DA:84,3
DA:85,3
DA:86,3
DA:87,3
DA:88,3
DA:89,3
DA:90,3
DA:91,3
DA:92,2
DA:93,3
DA:94,1
DA:95,1
DA:96,1
DA:97,1
DA:98,1
DA:99,1
DA:100,1
DA:101,1
DA:102,1
DA:103,1
DA:104,1
DA:105,1
DA:106,1
DA:107,1
DA:108,1
DA:109,13
DA:110,13
DA:111,13
DA:112,4
DA:113,4
DA:114,4
DA:115,4
DA:116,4
DA:117,4
DA:118,3
DA:119,3
DA:120,3
DA:121,4
DA:122,1
DA:123,1
DA:124,2
DA:125,2
DA:126,2
DA:127,2
DA:128,2
DA:129,2
DA:130,2
DA:131,2
DA:132,2
DA:133,2
DA:134,2
DA:135,2
DA:136,2
DA:137,13
DA:138,13
DA:139,13
DA:140,9
DA:141,9
DA:142,9
DA:143,9
LF:143
LH:125
BRDA:1,0,0,9
BRDA:5,1,0,13
BRDA:6,2,0,0
BRDA:7,3,0,0
BRDA:10,4,0,4
BRDA:11,5,0,0
BRDA:15,6,0,1
BRDA:19,7,0,0
BRDA:31,8,0,5
BRDA:39,9,0,1
BRDA:42,10,0,2
BRDA:45,11,0,3
BRDA:57,12,0,2
BRDA:65,13,0,1
BRDA:71,14,0,0
BRDA:83,15,0,3
BRDA:84,16,0,0
BRDA:92,17,0,2
BRDA:93,18,0,1
BRDA:111,19,0,4
BRDA:112,20,0,0
BRDA:117,21,0,3
BRDA:117,22,0,3
BRDA:121,23,0,1
BRDA:124,24,0,2
BRF:25
BRH:18
end_of_record
TN:
SF:src/tools/screen.js
FN:7,createScreenTools
FN:13,notifyResourcesChanged
FN:16,wait
FN:22,buildScreenshotPayload
FN:37,buildCaptureOptions
FN:47,storeScreenshot
FN:63,toCaptureResponse
FN:80,captureWithTimeout
FN:102,getDesktopCapabilities
FN:118,getServerStatus
FN:141,getScreenSize
FN:157,screenCapture
FN:188,waitForScreenChange
FNF:13
FNH:13
FNDA:14,createScreenTools
FNDA:1,notifyResourcesChanged
FNDA:19,wait
FNDA:4,buildScreenshotPayload
FNDA:8,buildCaptureOptions
FNDA:4,storeScreenshot
FNDA:4,toCaptureResponse
FNDA:25,captureWithTimeout
FNDA:1,getDesktopCapabilities
FNDA:2,getServerStatus
FNDA:2,getScreenSize
FNDA:6,screenCapture
FNDA:2,waitForScreenChange
DA:1,9
DA:2,9
DA:3,9
DA:4,9
DA:5,9
DA:6,9
DA:7,14
DA:8,14
DA:9,14
DA:10,14
DA:11,14
DA:12,14
DA:13,14
DA:14,14
DA:15,14
DA:16,14
DA:17,19
DA:18,19
DA:19,19
DA:20,19
DA:21,14
DA:22,14
DA:23,4
DA:24,4
DA:25,4
DA:26,4
DA:27,4
DA:28,4
DA:29,4
DA:30,4
DA:31,4
DA:32,4
DA:33,4
DA:34,4
DA:35,4
DA:36,14
DA:37,14
DA:38,8
DA:39,8
DA:40,8
DA:41,8
DA:42,8
DA:43,8
DA:44,8
DA:45,8
DA:46,14
DA:47,14
DA:48,4
DA:49,4
DA:50,4
DA:51,4
DA:52,4
DA:53,4
DA:54,4
DA:55,4
DA:56,4
DA:57,4
DA:58,4
DA:59,4
DA:60,4
DA:61,4
DA:62,14
DA:63,14
DA:64,4
DA:65,4
DA:66,4
DA:67,4
DA:68,4
DA:69,2
DA:70,2
DA:71,2
DA:72,2
DA:73,2
DA:74,2
DA:75,2
DA:76,2
DA:77,2
DA:78,4
DA:79,14
DA:80,14
DA:81,25
DA:82,25
DA:83,25
DA:84,25
DA:85,1
DA:86,25
DA:87,25
DA:88,25
DA:89,25
DA:90,25
DA:91,24
DA:92,24
DA:93,25
DA:94,25
DA:95,0
DA:96,0
DA:97,25
DA:98,25
DA:99,25
DA:100,14
DA:101,14
DA:102,14
DA:103,1
DA:104,1
DA:105,1
DA:106,1
DA:107,0
DA:108,0
DA:109,0
DA:110,0
DA:111,0
DA:112,0
DA:113,0
DA:114,0
DA:115,0
DA:116,14
DA:117,14
DA:118,14
DA:119,2
DA:120,2
DA:121,2
DA:122,2
DA:123,2
DA:124,2
DA:125,2
DA:126,2
DA:127,2
DA:128,2
DA:129,2
DA:130,0
DA:131,0
DA:132,0
DA:133,0
DA:134,0
DA:135,0
DA:136,0
DA:137,0
DA:138,0
DA:139,14
DA:140,14
DA:141,14
DA:142,2
DA:143,2
DA:144,2
DA:145,2
DA:146,0
DA:147,0
DA:148,0
DA:149,0
DA:150,0
DA:151,0
DA:152,0
DA:153,0
DA:154,0
DA:155,14
DA:156,14
DA:157,14
DA:158,6
DA:159,6
DA:160,6
DA:161,6
DA:162,6
DA:163,0
DA:164,0
DA:165,6
DA:166,6
DA:167,6
DA:168,2
DA:169,2
DA:170,4
DA:171,4
DA:172,4
DA:173,3
DA:174,3
DA:175,3
DA:176,5
DA:177,1
DA:178,1
DA:179,1
DA:180,1
DA:181,1
DA:182,1
DA:183,1
DA:184,1
DA:185,1
DA:186,14
DA:187,14
DA:188,14
DA:189,2
DA:190,2
DA:191,2
DA:192,2
DA:193,2
DA:194,2
DA:195,2
DA:196,0
DA:197,0
DA:198,2
DA:199,2
DA:200,2
DA:201,0
DA:202,0
DA:203,2
DA:204,2
DA:205,2
DA:206,2
DA:207,2
DA:208,2
DA:209,19
DA:210,19
DA:211,19
DA:212,19
DA:213,1
DA:214,1
DA:215,1
DA:216,1
DA:217,19
DA:218,1
DA:219,1
DA:220,1
DA:221,1
DA:222,1
DA:223,2
DA:224,0
DA:225,0
DA:226,0
DA:227,0
DA:228,0
DA:229,0
DA:230,0
DA:231,0
DA:232,0
DA:233,14
DA:234,14
DA:235,14
DA:236,9
DA:237,9
DA:238,9
DA:239,9
LF:239
LH:195
BRDA:1,0,0,9
BRDA:7,1,0,14
BRDA:8,2,0,0
BRDA:13,3,0,3
BRDA:14,4,0,0
BRDA:13,5,0,1
BRDA:16,6,0,19
BRDA:17,7,0,19
BRDA:22,8,0,4
BRDA:37,9,0,8
BRDA:43,10,0,3
BRDA:47,11,0,4
BRDA:49,12,0,3
BRDA:49,13,0,1
BRDA:49,14,0,3
BRDA:63,15,0,4
BRDA:68,16,0,2
BRDA:68,17,0,2
BRDA:80,18,0,25
BRDA:81,19,0,0
BRDA:83,20,0,25
BRDA:84,21,0,1
BRDA:90,22,0,24
BRDA:102,23,0,1
BRDA:106,24,0,0
BRDA:118,25,0,2
BRDA:129,26,0,0
BRDA:141,27,0,2
BRDA:145,28,0,0
BRDA:157,29,0,6
BRDA:162,30,0,0
BRDA:167,31,0,2
BRDA:170,32,0,5
BRDA:170,33,0,4
BRDA:173,34,0,3
BRDA:176,35,0,1
BRDA:188,36,0,2
BRDA:190,37,0,0
BRDA:191,38,0,0
BRDA:195,39,0,0
BRDA:200,40,0,0
BRDA:208,41,0,19
BRDA:212,42,0,1
BRDA:218,43,0,1
BRDA:223,44,0,0
BRF:45
BRH:33
end_of_record
